<?xml version="1.0" encoding="UTF-8"?>
<!-- Generated by org.testng.reporters.JUnitReportReporter -->
<testsuite hostname="MAVBCP1172" failures="0" tests="2" name="Step.com.Ex88b" time="24.785" errors="0" timestamp="2021-02-22T13:09:00 IST" skipped="0">
  <testcase classname="Step.com.Ex88b" name="ChromeTest" time="9.716"/>
  <system-out/>
  <testcase classname="Step.com.Ex88b" name="FirefoxTest" time="15.069"/>
  <system-out/>
</testsuite> <!-- Step.com.Ex88b -->
